[
  {
    "timestamp": "2025-01-24T02:20:07.308Z",
    "type": "error",
    "message": "Warning: React does not recognize the `%s` prop on a DOM element. If you intentionally want it to appear in the DOM as a custom attribute, spell it as lowercase `%s` instead. If you accidentally passed it from a parent component, remove it from the DOM element.%s persistenceKey persistencekey \n    at div\n    at KanbanComponent2 (http://localhost:5173/node_modules/.vite/deps/@syncfusion_ej2-react-kanban.js?v=2e8bbaa5:68843:26)\n    at KanbanBoard (http://localhost:5173/src/components/kanban/KanbanBoard.jsx?t=1737685207211:352:24)\n    at div\n    at div\n    at DreamBuilder (http://localhost:5173/src/pages/DreamBuilder.jsx?t=1737685143437:27:37)\n    at RenderedRoute (http://localhost:5173/node_modules/.vite/deps/react-router-dom.js?v=2e8bbaa5:5362:26)\n    at Routes (http://localhost:5173/node_modules/.vite/deps/react-router-dom.js?v=2e8bbaa5:6092:3)\n    at div\n    at div\n    at MenuProvider (http://localhost:5173/src/contexts/MenuContext.jsx:20:32)\n    at Router (http://localhost:5173/node_modules/.vite/deps/react-router-dom.js?v=2e8bbaa5:6035:13)\n    at BrowserRouter (http://localhost:5173/node_modules/.vite/deps/react-router-dom.js?v=2e8bbaa5:8074:3)\n    at App (http://localhost:5173/src/App.jsx?t=1737685143437:90:37)"
  },
  {
    "timestamp": "2025-01-24T02:20:33.671Z",
    "type": "error",
    "message": "Warning: React does not recognize the `%s` prop on a DOM element. If you intentionally want it to appear in the DOM as a custom attribute, spell it as lowercase `%s` instead. If you accidentally passed it from a parent component, remove it from the DOM element.%s persistenceKey persistencekey \n    at div\n    at KanbanComponent2 (http://localhost:5173/node_modules/.vite/deps/@syncfusion_ej2-react-kanban.js?v=2e8bbaa5:68843:26)\n    at KanbanBoard (http://localhost:5173/src/components/kanban/KanbanBoard.jsx?t=1737685207211:352:24)\n    at div\n    at div\n    at DreamBuilder (http://localhost:5173/src/pages/DreamBuilder.jsx?t=1737685207211:27:37)\n    at RenderedRoute (http://localhost:5173/node_modules/.vite/deps/react-router-dom.js?v=2e8bbaa5:5362:26)\n    at Routes (http://localhost:5173/node_modules/.vite/deps/react-router-dom.js?v=2e8bbaa5:6092:3)\n    at div\n    at div\n    at MenuProvider (http://localhost:5173/src/contexts/MenuContext.jsx:20:32)\n    at Router (http://localhost:5173/node_modules/.vite/deps/react-router-dom.js?v=2e8bbaa5:6035:13)\n    at BrowserRouter (http://localhost:5173/node_modules/.vite/deps/react-router-dom.js?v=2e8bbaa5:8074:3)\n    at App (http://localhost:5173/src/App.jsx?t=1737685207211:90:37)"
  },
  {
    "timestamp": "2025-01-24T03:25:30.503Z",
    "type": "log",
    "message": "[vite] server connection lost. Polling for restart..."
  },
  {
    "timestamp": "2025-01-24T03:46:18.746Z",
    "type": "log",
    "message": "\u001b[2;38;2;124;124;124m%s\u001b[0m Dialog props: {\"Id\":2,\"Title\":\"Learn piano\",\"Status\":\"Goals\",\"Summary\":\"Take piano lessons and practice regularly\",\"dueDate\":\"2024-06-30\",\"dueTime\":\"2:30pm\",\"progress\":45,\"uiState\":{\"backgroundColor\":\"#f8f9fa\",\"textColor\":\"#333333\",\"isExpanded\":true,\"isHighlighted\":false,\"customStyles\":{}},\"kanbanRef\":{\"current\":null}}"
  },
  {
    "timestamp": "2025-01-24T03:47:01.694Z",
    "type": "log",
    "message": "\u001b[2;38;2;124;124;124m%s\u001b[0m Dialog props: {\"Id\":2,\"Title\":\"Learn piano\",\"Status\":\"Goals\",\"Summary\":\"Take piano lessons and practice regularly\",\"dueDate\":\"2024-06-30\",\"dueTime\":\"2:30pm\",\"progress\":45,\"uiState\":{\"backgroundColor\":\"#f8f9fa\",\"textColor\":\"#333333\",\"isExpanded\":true,\"isHighlighted\":false,\"customStyles\":{}},\"kanbanRef\":{\"current\":null}}"
  },
  {
    "timestamp": "2025-01-24T03:47:26.410Z",
    "type": "log",
    "message": "\u001b[2;38;2;124;124;124m%s\u001b[0m Dialog props: {\"Id\":2,\"Title\":\"Learn piano\",\"Status\":\"Goals\",\"Summary\":\"Take piano lessons and practice regularly\",\"dueDate\":\"2024-06-30\",\"dueTime\":\"2:30pm\",\"progress\":45,\"uiState\":{\"backgroundColor\":\"#f8f9fa\",\"textColor\":\"#333333\",\"isExpanded\":false,\"isHighlighted\":false,\"customStyles\":{}},\"kanbanRef\":{\"current\":null}}"
  },
  {
    "timestamp": "2025-01-24T03:47:30.013Z",
    "type": "log",
    "message": "\u001b[2;38;2;124;124;124m%s\u001b[0m Dialog props: {\"Id\":2,\"Title\":\"Learn piano\",\"Status\":\"Goals\",\"Summary\":\"Take piano lessons and practice regularly\",\"dueDate\":\"2024-06-30\",\"dueTime\":\"2:30pm\",\"progress\":45,\"uiState\":{\"backgroundColor\":\"#f8f9fa\",\"textColor\":\"#333333\",\"isExpanded\":true,\"isHighlighted\":false,\"customStyles\":{}},\"kanbanRef\":{\"current\":null}}"
  },
  {
    "timestamp": "2025-01-24T03:47:32.861Z",
    "type": "log",
    "message": "\u001b[2;38;2;124;124;124m%s\u001b[0m Dialog props: {\"Id\":2,\"Title\":\"Learn piano\",\"Status\":\"Goals\",\"Summary\":\"Take piano lessons and practice regularly\",\"dueDate\":\"2024-06-30\",\"dueTime\":\"2:30pm\",\"progress\":45,\"uiState\":{\"backgroundColor\":\"#f8f9fa\",\"textColor\":\"#333333\",\"isExpanded\":false,\"isHighlighted\":false,\"customStyles\":{}},\"kanbanRef\":{\"current\":null}}"
  }
]